Arguments: 
  /home/agrha/.nvm/versions/node/v16.17.0/bin/node /home/agrha/.yarn/bin/yarn.js

PATH: 
  /home/agrha/go/bin:/usr/local/go/bin:/home/agrha/.yarn/bin:/home/agrha/.config/yarn/global/node_modules/.bin:/home/agrha/.nvm/versions/node/v16.17.0/bin:/usr/local/sbin:/usr/local/bin:/usr/sbin:/usr/bin:/sbin:/bin:/usr/games:/usr/local/games:/usr/lib/wsl/lib:/mnt/c/Users/Agrha_A152/bin:/mnt/c/Program Files/Git/mingw64/bin:/mnt/c/Program Files/Git/usr/local/bin:/mnt/c/Program Files/Git/usr/bin:/mnt/c/Program Files/Git/usr/bin:/mnt/c/Program Files/Git/mingw64/bin:/mnt/c/Program Files/Git/usr/bin:/mnt/c/Users/Agrha_A152/bin:/mnt/c/Windows/system32:/mnt/c/Windows:/mnt/c/Windows/System32/Wbem:/mnt/c/Windows/System32/WindowsPowerShell/v1.0:/mnt/c/Windows/System32/OpenSSH:/mnt/c/Program Files (x86)/NVIDIA Corporation/PhysX/Common:/mnt/c/Program Files/WireGuard:/mnt/c/Program Files/Git/cmd:/mnt/c/Program Files/Go/bin:/mnt/c/Program Files/PuTTY:/mnt/c/Users/Agrha_A152/AppData/Local/Microsoft/WindowsApps:/mnt/c/Users/Agrha_A152/AppData/Local/Programs/Microsoft VS Code/bin:/mnt/c/Users/Agrha_A152/go/bin:/mnt/c/Program Files/MongoDB/Server/6.0/bin:/mnt/c/Program Files/Git/usr/bin/vendor_perl:/mnt/c/Program Files/Git/usr/bin/core_perl

Yarn version: 
  1.22.19

Node version: 
  16.17.0

Platform: 
  linux x64

Trace: 
  SyntaxError: /mnt/c/Users/Agrha_A152/Documents/Test/ms-agrha-betest/package.json: Unexpected token } in JSON at position 442
      at JSON.parse (<anonymous>)
      at /home/agrha/.yarn/lib/cli.js:1629:59
      at Generator.next (<anonymous>)
      at step (/home/agrha/.yarn/lib/cli.js:310:30)
      at /home/agrha/.yarn/lib/cli.js:321:13

npm manifest: 
  {
    "name": "ms-agrha-betest",
    "version": "1.0.0",
    "main": "index.js",
    "license": "MIT",
    "scripts": {
      "start": "ts-node-dev --respawn --transpile-only -r tsconfig-paths/register src/server.ts"
    },
    "dependencies": {
      "cookie-parser": "^1.4.6",
      "cors": "^2.8.5",
      "dotenv": "^16.0.2",
      "envalid": "^7.3.1",
      "express": "^4.17.2",
      "jsonwebtoken": "^8.5.1",
      "lodash": "^4.17.21",
      "morgan": "^1.10.0",
    }
  }

yarn manifest: 
  No manifest

Lockfile: 
  # THIS IS AN AUTOGENERATED FILE. DO NOT EDIT THIS FILE DIRECTLY.
  # yarn lockfile v1
